2024-12-27T16:05:00.553+02:00  INFO 20300 --- [PartsWarehouseManager] [main] b.p.PartsWarehouseManagerApplication     : Starting PartsWarehouseManagerApplication using Java 17.0.12 with PID 20300 (C:\Users\duris\IdeaProjects\PartsWarehouseManager\target\classes started by duris in C:\Users\duris\IdeaProjects\PartsWarehouseManager)
2024-12-27T16:05:00.557+02:00  INFO 20300 --- [PartsWarehouseManager] [main] b.p.PartsWarehouseManagerApplication     : No active profile set, falling back to 1 default profile: "default"
2024-12-27T16:05:01.370+02:00  INFO 20300 --- [PartsWarehouseManager] [main] .s.d.r.c.RepositoryConfigurationDelegate : Bootstrapping Spring Data JPA repositories in DEFAULT mode.
2024-12-27T16:05:01.426+02:00  INFO 20300 --- [PartsWarehouseManager] [main] .s.d.r.c.RepositoryConfigurationDelegate : Finished Spring Data repository scanning in 50 ms. Found 11 JPA repository interfaces.
2024-12-27T16:05:02.031+02:00  INFO 20300 --- [PartsWarehouseManager] [main] o.s.b.w.embedded.tomcat.TomcatWebServer  : Tomcat initialized with port 8080 (http)
2024-12-27T16:05:02.042+02:00  INFO 20300 --- [PartsWarehouseManager] [main] o.apache.catalina.core.StandardService   : Starting service [Tomcat]
2024-12-27T16:05:02.042+02:00  INFO 20300 --- [PartsWarehouseManager] [main] o.apache.catalina.core.StandardEngine    : Starting Servlet engine: [Apache Tomcat/10.1.31]
2024-12-27T16:05:02.090+02:00  INFO 20300 --- [PartsWarehouseManager] [main] o.a.c.c.C.[Tomcat].[localhost].[/]       : Initializing Spring embedded WebApplicationContext
2024-12-27T16:05:02.091+02:00  INFO 20300 --- [PartsWarehouseManager] [main] w.s.c.ServletWebServerApplicationContext : Root WebApplicationContext: initialization completed in 1502 ms
2024-12-27T16:05:02.217+02:00 DEBUG 20300 --- [PartsWarehouseManager] [main] o.s.w.f.ServerHttpObservationFilter      : Filter 'webMvcObservationFilter' configured for use
2024-12-27T16:05:02.335+02:00  INFO 20300 --- [PartsWarehouseManager] [main] o.hibernate.jpa.internal.util.LogHelper  : HHH000204: Processing PersistenceUnitInfo [name: default]
2024-12-27T16:05:02.386+02:00  INFO 20300 --- [PartsWarehouseManager] [main] org.hibernate.Version                    : HHH000412: Hibernate ORM core version 6.5.3.Final
2024-12-27T16:05:02.416+02:00  INFO 20300 --- [PartsWarehouseManager] [main] o.h.c.internal.RegionFactoryInitiator    : HHH000026: Second-level cache disabled
2024-12-27T16:05:02.671+02:00  INFO 20300 --- [PartsWarehouseManager] [main] o.s.o.j.p.SpringPersistenceUnitInfo      : No LoadTimeWeaver setup: ignoring JPA class transformer
2024-12-27T16:05:02.698+02:00  INFO 20300 --- [PartsWarehouseManager] [main] com.zaxxer.hikari.HikariDataSource       : HikariPool-1 - Starting...
2024-12-27T16:05:03.101+02:00  INFO 20300 --- [PartsWarehouseManager] [main] com.zaxxer.hikari.pool.HikariPool        : HikariPool-1 - Added connection com.mysql.cj.jdbc.ConnectionImpl@79424f25
2024-12-27T16:05:03.102+02:00  INFO 20300 --- [PartsWarehouseManager] [main] com.zaxxer.hikari.HikariDataSource       : HikariPool-1 - Start completed.
2024-12-27T16:05:03.173+02:00  WARN 20300 --- [PartsWarehouseManager] [main] org.hibernate.orm.deprecation            : HHH90000025: MySQLDialect does not need to be specified explicitly using 'hibernate.dialect' (remove the property setting and it will be selected by default)
2024-12-27T16:05:04.056+02:00  INFO 20300 --- [PartsWarehouseManager] [main] o.h.e.t.j.p.i.JtaPlatformInitiator       : HHH000489: No JTA platform available (set 'hibernate.transaction.jta.platform' to enable JTA platform integration)
2024-12-27T16:05:04.118+02:00  INFO 20300 --- [PartsWarehouseManager] [main] j.LocalContainerEntityManagerFactoryBean : Initialized JPA EntityManagerFactory for persistence unit 'default'
2024-12-27T16:05:04.798+02:00 DEBUG 20300 --- [PartsWarehouseManager] [main] s.w.s.m.m.a.RequestMappingHandlerMapping : 4 mappings in 'requestMappingHandlerMapping'
2024-12-27T16:05:04.897+02:00 DEBUG 20300 --- [PartsWarehouseManager] [main] o.s.w.s.handler.SimpleUrlHandlerMapping  : Patterns [/webjars/**, /**] in 'resourceHandlerMapping'
2024-12-27T16:05:04.934+02:00 DEBUG 20300 --- [PartsWarehouseManager] [main] s.w.s.m.m.a.RequestMappingHandlerAdapter : ControllerAdvice beans: 0 @ModelAttribute, 0 @InitBinder, 1 RequestBodyAdvice, 1 ResponseBodyAdvice
2024-12-27T16:05:04.969+02:00 DEBUG 20300 --- [PartsWarehouseManager] [main] .m.m.a.ExceptionHandlerExceptionResolver : ControllerAdvice beans: 1 @ExceptionHandler, 1 ResponseBodyAdvice
2024-12-27T16:05:05.000+02:00 DEBUG 20300 --- [PartsWarehouseManager] [main] .m.m.a.ExceptionHandlerExceptionResolver : ControllerAdvice beans: 1 @ExceptionHandler, 0 ResponseBodyAdvice
2024-12-27T16:05:05.391+02:00  INFO 20300 --- [PartsWarehouseManager] [main] o.s.b.a.e.web.EndpointLinksResolver      : Exposing 1 endpoint beneath base path '/actuator'
2024-12-27T16:05:05.455+02:00  INFO 20300 --- [PartsWarehouseManager] [main] o.s.b.w.embedded.tomcat.TomcatWebServer  : Tomcat started on port 8080 (http) with context path '/'
2024-12-27T16:05:05.467+02:00  INFO 20300 --- [PartsWarehouseManager] [main] b.p.PartsWarehouseManagerApplication     : Started PartsWarehouseManagerApplication in 5.247 seconds (process running for 8.708)
2024-12-27T16:05:05.477+02:00  INFO 20300 --- [PartsWarehouseManager] [main] b.p.bootstrap.BootstrapData              : Starting bootstrap data
